<?xml version="1.0" encoding="UTF-8"?>
<!-- Generated by org.testng.reporters.JUnitXMLReporter -->
<testsuite ignored="0" hostname="Ryota" failures="0" tests="10" name="Default test" time="7.265" errors="0" timestamp="2024-09-05T19:35:50 AST">
  <testcase classname="ultimateQATesting.ultimateQA" name="first" time="0.095"/>
  <testcase classname="ultimateQATesting.ultimateQA" name="link2" time="0.368"/>
  <testcase classname="ultimateQATesting.ultimateQA" name="second" time="0.23"/>
  <testcase classname="ultimateQATesting.ultimateQA" name="link3" time="0.709"/>
  <testcase classname="ultimateQATesting.ultimateQA" name="third" time="0.183"/>
  <testcase classname="ultimateQATesting.ultimateQA" name="link4" time="0.38"/>
  <testcase classname="ultimateQATesting.ultimateQA" name="emergencyInfo" time="0.447"/>
  <testcase classname="ultimateQATesting.ultimateQA" name="link5" time="0.398"/>
  <testcase classname="ultimateQATesting.ultimateQA" name="submit" time="2.83"/>
  <testcase classname="ultimateQATesting.ultimateQA" name="animal" time="0.085"/>
</testsuite> <!-- Default test -->
