<?xml version="1.0" encoding="UTF-8"?>
<!-- Generated by org.testng.reporters.JUnitXMLReporter -->
<testsuite ignored="0" hostname="Ryota" failures="0" tests="10" name="Default test" time="10.337" errors="0" timestamp="2024-09-05T18:25:30 AST">
  <testcase classname="ultimateQATesting.ultimateQA" name="first" time="0.103"/>
  <testcase classname="ultimateQATesting.ultimateQA" name="link2" time="0.351"/>
  <testcase classname="ultimateQATesting.ultimateQA" name="second" time="0.205"/>
  <testcase classname="ultimateQATesting.ultimateQA" name="link3" time="0.496"/>
  <testcase classname="ultimateQATesting.ultimateQA" name="third" time="0.244"/>
  <testcase classname="ultimateQATesting.ultimateQA" name="link4" time="0.375"/>
  <testcase classname="ultimateQATesting.ultimateQA" name="emergencyInfo" time="0.442"/>
  <testcase classname="ultimateQATesting.ultimateQA" name="link5" time="0.615"/>
  <testcase classname="ultimateQATesting.ultimateQA" name="submit" time="2.48"/>
  <testcase classname="ultimateQATesting.ultimateQA" name="animal" time="3.421"/>
</testsuite> <!-- Default test -->
